#! /usr/local/Cellar/icarus-verilog/10.3/bin/vvp
:ivl_version "10.3 (stable)" "(v10_3)";
:ivl_delay_selection "TYPICAL";
:vpi_time_precision - 10;
:vpi_module "system";
:vpi_module "vhdl_sys";
:vpi_module "v2005_math";
:vpi_module "va_math";
S_0x7feebcc04910 .scope module, "Encoder8to3_bh_tb" "Encoder8to3_bh_tb" 2 4;
 .timescale -9 -10;
v0x7feebcc15100_0 .var "EI", 0 0;
v0x7feebcc151b0_0 .net "EO", 0 0, v0x7feebcc14db0_0;  1 drivers
v0x7feebcc15240_0 .net "GS", 0 0, v0x7feebcc14e50_0;  1 drivers
v0x7feebcc152f0_0 .var "I", 7 0;
v0x7feebcc153a0_0 .net "Y", 2 0, v0x7feebcc14f90_0;  1 drivers
v0x7feebcc15470_0 .var/i "k", 31 0;
S_0x7feebcc04a70 .scope module, "En" "Encoder8to3_bh" 2 9, 3 1 0, S_0x7feebcc04910;
 .timescale -9 -10;
    .port_info 0 /INPUT 1 "EI"
    .port_info 1 /INPUT 8 "I"
    .port_info 2 /OUTPUT 3 "Y"
    .port_info 3 /OUTPUT 1 "GS"
    .port_info 4 /OUTPUT 1 "EO"
v0x7feebcc04d00_0 .net "EI", 0 0, v0x7feebcc15100_0;  1 drivers
v0x7feebcc14db0_0 .var "EO", 0 0;
v0x7feebcc14e50_0 .var "GS", 0 0;
v0x7feebcc14ee0_0 .net "I", 7 0, v0x7feebcc152f0_0;  1 drivers
v0x7feebcc14f90_0 .var "Y", 2 0;
E_0x7feebcc04cd0 .event edge, v0x7feebcc14ee0_0, v0x7feebcc04d00_0;
    .scope S_0x7feebcc04a70;
T_0 ;
    %wait E_0x7feebcc04cd0;
    %load/vec4 v0x7feebcc04d00_0;
    %pad/u 32;
    %cmpi/e 0, 0, 32;
    %jmp/0xz  T_0.0, 4;
    %pushi/vec4 0, 0, 3;
    %store/vec4 v0x7feebcc14f90_0, 0, 3;
    %pushi/vec4 0, 0, 1;
    %store/vec4 v0x7feebcc14e50_0, 0, 1;
    %pushi/vec4 0, 0, 1;
    %store/vec4 v0x7feebcc14db0_0, 0, 1;
    %jmp T_0.1;
T_0.0 ;
    %pushi/vec4 1, 0, 1;
    %store/vec4 v0x7feebcc14e50_0, 0, 1;
    %pushi/vec4 0, 0, 1;
    %store/vec4 v0x7feebcc14db0_0, 0, 1;
    %load/vec4 v0x7feebcc14ee0_0;
    %parti/s 1, 7, 4;
    %flag_set/vec4 8;
    %jmp/0xz  T_0.2, 8;
    %pushi/vec4 7, 0, 3;
    %store/vec4 v0x7feebcc14f90_0, 0, 3;
    %jmp T_0.3;
T_0.2 ;
    %load/vec4 v0x7feebcc14ee0_0;
    %parti/s 1, 6, 4;
    %flag_set/vec4 8;
    %jmp/0xz  T_0.4, 8;
    %pushi/vec4 6, 0, 3;
    %store/vec4 v0x7feebcc14f90_0, 0, 3;
    %jmp T_0.5;
T_0.4 ;
    %load/vec4 v0x7feebcc14ee0_0;
    %parti/s 1, 5, 4;
    %flag_set/vec4 8;
    %jmp/0xz  T_0.6, 8;
    %pushi/vec4 5, 0, 3;
    %store/vec4 v0x7feebcc14f90_0, 0, 3;
    %jmp T_0.7;
T_0.6 ;
    %load/vec4 v0x7feebcc14ee0_0;
    %parti/s 1, 4, 4;
    %flag_set/vec4 8;
    %jmp/0xz  T_0.8, 8;
    %pushi/vec4 4, 0, 3;
    %store/vec4 v0x7feebcc14f90_0, 0, 3;
    %jmp T_0.9;
T_0.8 ;
    %load/vec4 v0x7feebcc14ee0_0;
    %parti/s 1, 3, 3;
    %flag_set/vec4 8;
    %jmp/0xz  T_0.10, 8;
    %pushi/vec4 3, 0, 3;
    %store/vec4 v0x7feebcc14f90_0, 0, 3;
    %jmp T_0.11;
T_0.10 ;
    %load/vec4 v0x7feebcc14ee0_0;
    %parti/s 1, 2, 3;
    %flag_set/vec4 8;
    %jmp/0xz  T_0.12, 8;
    %pushi/vec4 2, 0, 3;
    %store/vec4 v0x7feebcc14f90_0, 0, 3;
    %jmp T_0.13;
T_0.12 ;
    %load/vec4 v0x7feebcc14ee0_0;
    %parti/s 1, 1, 2;
    %flag_set/vec4 8;
    %jmp/0xz  T_0.14, 8;
    %pushi/vec4 1, 0, 3;
    %store/vec4 v0x7feebcc14f90_0, 0, 3;
    %jmp T_0.15;
T_0.14 ;
    %load/vec4 v0x7feebcc14ee0_0;
    %parti/s 1, 0, 2;
    %flag_set/vec4 8;
    %jmp/0xz  T_0.16, 8;
    %pushi/vec4 0, 0, 3;
    %store/vec4 v0x7feebcc14f90_0, 0, 3;
    %jmp T_0.17;
T_0.16 ;
    %pushi/vec4 0, 0, 3;
    %store/vec4 v0x7feebcc14f90_0, 0, 3;
    %pushi/vec4 0, 0, 1;
    %store/vec4 v0x7feebcc14e50_0, 0, 1;
    %pushi/vec4 1, 0, 1;
    %store/vec4 v0x7feebcc14db0_0, 0, 1;
T_0.17 ;
T_0.15 ;
T_0.13 ;
T_0.11 ;
T_0.9 ;
T_0.7 ;
T_0.5 ;
T_0.3 ;
T_0.1 ;
    %jmp T_0;
    .thread T_0, $push;
    .scope S_0x7feebcc04910;
T_1 ;
    %vpi_call 2 12 "$dumpfile", "Encoder8to3_bh.vcd" {0 0 0};
    %vpi_call 2 13 "$dumpvars", 32'sb00000000000000000000000000000000, S_0x7feebcc04910 {0 0 0};
    %pushi/vec4 0, 0, 8;
    %store/vec4 v0x7feebcc152f0_0, 0, 8;
    %pushi/vec4 0, 0, 1;
    %store/vec4 v0x7feebcc15100_0, 0, 1;
    %delay 10, 0;
    %pushi/vec4 1, 0, 1;
    %store/vec4 v0x7feebcc15100_0, 0, 1;
    %delay 20, 0;
    %load/vec4 v0x7feebcc152f0_0;
    %pushi/vec4 1, 0, 8;
    %add;
    %store/vec4 v0x7feebcc152f0_0, 0, 8;
    %pushi/vec4 0, 0, 32;
    %store/vec4 v0x7feebcc15470_0, 0, 32;
T_1.0 ;
    %load/vec4 v0x7feebcc15470_0;
    %cmpi/s 8, 0, 32;
    %jmp/0xz T_1.1, 5;
    %load/vec4 v0x7feebcc15470_0;
    %cmpi/e 4, 0, 32;
    %jmp/0xz  T_1.2, 4;
    %delay 10, 0;
    %pushi/vec4 0, 0, 1;
    %store/vec4 v0x7feebcc15100_0, 0, 1;
    %delay 10, 0;
    %load/vec4 v0x7feebcc152f0_0;
    %ix/load 4, 1, 0;
    %flag_set/imm 4, 0;
    %shiftl 4;
    %store/vec4 v0x7feebcc152f0_0, 0, 8;
    %pushi/vec4 1, 0, 1;
    %store/vec4 v0x7feebcc15100_0, 0, 1;
    %jmp T_1.3;
T_1.2 ;
    %delay 20, 0;
    %load/vec4 v0x7feebcc152f0_0;
    %ix/load 4, 1, 0;
    %flag_set/imm 4, 0;
    %shiftl 4;
    %store/vec4 v0x7feebcc152f0_0, 0, 8;
T_1.3 ;
    %load/vec4 v0x7feebcc15470_0;
    %addi 1, 0, 32;
    %store/vec4 v0x7feebcc15470_0, 0, 32;
    %jmp T_1.0;
T_1.1 ;
    %vpi_call 2 25 "$finish" {0 0 0};
    %end;
    .thread T_1;
# The file index is used to find the file name in the following table.
:file_names 4;
    "N/A";
    "<interactive>";
    "Encoder8to3_bh_tb.vt";
    "./Encoder8to3_bh.v";
